[    54.586] Warning: Failed to open protocol names file /usr/lib64/xorg/protocol.txt
[    56.083] Warning: Falling back to old probe method for modesetting
[    56.083] Warning: Falling back to old probe method for fbdev
[    56.180] Warning: vmware(0): Failed to initialize Gallium3D Xa. No render acceleration available.
[    56.180] Warning: vmware(0): Skipped initialization of direct rendering due to lack of render acceleration.
[    56.180] Warning: vmware(0): Disabling Xv because no adaptors could be initialized.
	(++) from command line, (!!) notice, Information: informational,
[    54.603] Information: The server relies on udev to provide the list of input devices.
[    54.603] Information: Loader magic: 0x55677c846020
[    54.603] Information: Module ABI versions:
[    54.603] Information: systemd-logind: logind integration requires -keeptty and -keeptty was not provided, disabling logind integration
[    54.607] Information: xfree86: Adding drm device (/dev/dri/card0)
[    54.607] Information: Platform probe for /sys/devices/pci0000:00/0000:00:02.0/drm/card0
[    54.610] Information: LoadModule: "glx"
[    54.612] Information: Loading /usr/lib64/xorg/modules/extensions/libglx.so
[    54.632] Information: Module glx: vendor="X.Org Foundation"
[    54.632] Information: LoadModule: "vmware"
[    54.632] Information: Loading /usr/lib64/xorg/modules/drivers/vmware_drv.so
[    56.055] Information: Module vmware: vendor="X.Org Foundation"
[    56.055] Information: LoadModule: "modesetting"
[    56.055] Information: Loading /usr/lib64/xorg/modules/drivers/modesetting_drv.so
[    56.078] Information: Module modesetting: vendor="X.Org Foundation"
[    56.078] Information: LoadModule: "fbdev"
[    56.078] Information: Loading /usr/lib64/xorg/modules/drivers/fbdev_drv.so
[    56.083] Information: Module fbdev: vendor="X.Org Foundation"
[    56.083] Information: LoadModule: "vesa"
[    56.083] Information: Loading /usr/lib64/xorg/modules/drivers/vesa_drv.so
[    56.083] Information: Module vesa: vendor="X.Org Foundation"
[    56.083] Information: vmware: driver for VMware SVGA: vmware0405, vmware0710
[    56.083] Information: modesetting: Driver for Modesetting Kernel Drivers: kms
[    56.083] Information: FBDEV: driver for framebuffer: fbdev
[    56.083] Information: VESA: driver for VESA chipsets: vesa
[    56.083] Information: Loading sub module "fbdevhw"
[    56.083] Information: LoadModule: "fbdevhw"
[    56.083] Information: Loading /usr/lib64/xorg/modules/libfbdevhw.so
[    56.089] Information: Module fbdevhw: vendor="X.Org Foundation"
[    56.089] Information: vmware(0): Creating default Display subsection in Screen section
[    56.089] Information: vmware(0): Output Virtual1 has no monitor section
[    56.089] Information: vmware(0): Output Virtual2 has no monitor section
[    56.089] Information: vmware(0): Output Virtual3 has no monitor section
[    56.089] Information: vmware(0): Output Virtual4 has no monitor section
[    56.089] Information: vmware(0): Output Virtual5 has no monitor section
[    56.089] Information: vmware(0): Output Virtual6 has no monitor section
[    56.089] Information: vmware(0): Output Virtual7 has no monitor section
[    56.089] Information: vmware(0): Output Virtual8 has no monitor section
[    56.089] Information: vmware(0): Printing probed modes for output Virtual1
[    56.089] Information: vmware(0): Modeline "800x600"x60.0   42.75  800 850 900 950  600 650 700 750 -hsync +vsync (45.0 kHz eP)
[    56.089] Information: vmware(0): Modeline "2560x1600"x60.0  348.50  2560 2752 3032 3504  1600 1603 1609 1658 -hsync +vsync (99.5 kHz e)
[    56.089] Information: vmware(0): Modeline "1920x1440"x60.0  234.00  1920 2048 2256 2600  1440 1441 1444 1500 -hsync +vsync (90.0 kHz e)
[    56.089] Information: vmware(0): Modeline "1856x1392"x60.0  218.25  1856 1952 2176 2528  1392 1393 1396 1439 -hsync +vsync (86.3 kHz e)
[    56.089] Information: vmware(0): Modeline "1792x1344"x60.0  204.75  1792 1920 2120 2448  1344 1345 1348 1394 -hsync +vsync (83.6 kHz e)
[    56.089] Information: vmware(0): Modeline "1920x1200"x59.9  193.25  1920 2056 2256 2592  1200 1203 1209 1245 -hsync +vsync (74.6 kHz e)
[    56.089] Information: vmware(0): Modeline "1600x1200"x60.0  162.00  1600 1664 1856 2160  1200 1201 1204 1250 +hsync +vsync (75.0 kHz e)
[    56.089] Information: vmware(0): Modeline "1680x1050"x60.0  146.25  1680 1784 1960 2240  1050 1053 1059 1089 -hsync +vsync (65.3 kHz e)
[    56.089] Information: vmware(0): Modeline "1400x1050"x60.0  121.75  1400 1488 1632 1864  1050 1053 1057 1089 -hsync +vsync (65.3 kHz e)
[    56.089] Information: vmware(0): Modeline "1280x1024"x60.0  108.00  1280 1328 1440 1688  1024 1025 1028 1066 +hsync +vsync (64.0 kHz e)
[    56.089] Information: vmware(0): Modeline "1440x900"x59.9  106.50  1440 1520 1672 1904  900 903 909 934 -hsync +vsync (55.9 kHz e)
[    56.089] Information: vmware(0): Modeline "1280x960"x60.0  108.00  1280 1376 1488 1800  960 961 964 1000 +hsync +vsync (60.0 kHz e)
[    56.089] Information: vmware(0): Modeline "1360x768"x60.0   85.50  1360 1424 1536 1792  768 771 777 795 +hsync +vsync (47.7 kHz e)
[    56.089] Information: vmware(0): Modeline "1280x800"x59.8   83.50  1280 1352 1480 1680  800 803 809 831 +hsync -vsync (49.7 kHz e)
[    56.089] Information: vmware(0): Modeline "1152x864"x75.0  108.00  1152 1216 1344 1600  864 865 868 900 +hsync +vsync (67.5 kHz e)
[    56.089] Information: vmware(0): Modeline "1280x768"x59.9   79.50  1280 1344 1472 1664  768 771 778 798 -hsync +vsync (47.8 kHz e)
[    56.089] Information: vmware(0): Modeline "1024x768"x60.0   65.00  1024 1048 1184 1344  768 771 777 806 -hsync -vsync (48.4 kHz e)
[    56.089] Information: vmware(0): Modeline "800x600"x60.3   40.00  800 840 968 1056  600 601 605 628 +hsync +vsync (37.9 kHz e)
[    56.089] Information: vmware(0): Modeline "640x480"x59.9   25.18  640 656 752 800  480 489 492 525 -hsync -vsync (31.5 kHz e)
[    56.089] Information: vmware(0): EDID for output Virtual2
[    56.089] Information: vmware(0): EDID for output Virtual3
[    56.089] Information: vmware(0): EDID for output Virtual4
[    56.089] Information: vmware(0): EDID for output Virtual5
[    56.089] Information: vmware(0): EDID for output Virtual6
[    56.089] Information: vmware(0): EDID for output Virtual7
[    56.089] Information: vmware(0): EDID for output Virtual8
[    56.089] Information: vmware(0): Output Virtual1 connected
[    56.089] Information: vmware(0): Output Virtual2 disconnected
[    56.089] Information: vmware(0): Output Virtual3 disconnected
[    56.089] Information: vmware(0): Output Virtual4 disconnected
[    56.089] Information: vmware(0): Output Virtual5 disconnected
[    56.089] Information: vmware(0): Output Virtual6 disconnected
[    56.089] Information: vmware(0): Output Virtual7 disconnected
[    56.089] Information: vmware(0): Output Virtual8 disconnected
[    56.089] Information: vmware(0): Using exact sizes for initial modes
[    56.089] Information: vmware(0): Output Virtual1 using initial mode 800x600 +0+0
[    56.089] Information: Loading sub module "fb"
[    56.089] Information: LoadModule: "fb"
[    56.089] Information: Loading /usr/lib64/xorg/modules/libfb.so
[    56.103] Information: Module fb: vendor="X.Org Foundation"
[    56.103] Information: Loading sub module "dri2"
[    56.103] Information: LoadModule: "dri2"
[    56.103] Information: Module "dri2" already built-in
[    56.103] Information: UnloadModule: "modesetting"
[    56.103] Information: Unloading modesetting
[    56.103] Information: UnloadModule: "fbdev"
[    56.103] Information: Unloading fbdev
[    56.103] Information: UnloadSubModule: "fbdevhw"
[    56.103] Information: Unloading fbdevhw
[    56.103] Information: UnloadModule: "vesa"
[    56.103] Information: Unloading vesa
[    56.118] Information: vmware(0): Initialized VMWARE_CTRL extension version 0.2
[    56.180] Information: vmware(0): No 3D acceleration. Not setting up textured video.
[    56.180] Information: Initializing extension Generic Event Extension
[    56.180] Information: Initializing extension SHAPE
[    56.180] Information: Initializing extension MIT-SHM
[    56.180] Information: Initializing extension XInputExtension
[    56.180] Information: Initializing extension XTEST
[    56.193] Information: Initializing extension BIG-REQUESTS
[    56.193] Information: Initializing extension SYNC
[    56.193] Information: Initializing extension XKEYBOARD
[    56.193] Information: Initializing extension XC-MISC
[    56.193] Information: Initializing extension XFIXES
[    56.193] Information: Initializing extension RENDER
[    56.193] Information: Initializing extension RANDR
[    56.193] Information: Initializing extension COMPOSITE
[    56.193] Information: Initializing extension DAMAGE
[    56.193] Information: Initializing extension MIT-SCREEN-SAVER
[    56.193] Information: Initializing extension DOUBLE-BUFFER
[    56.193] Information: Initializing extension RECORD
[    56.193] Information: Initializing extension DPMS
[    56.193] Information: Initializing extension Present
[    56.193] Information: Initializing extension DRI3
[    56.193] Information: Initializing extension X-Resource
[    56.193] Information: Initializing extension XVideo
[    56.193] Information: Initializing extension XVideo-MotionCompensation
[    56.193] Information: Initializing extension SELinux
[    56.193] Information: SELinux: Disabled by boolean
[    56.193] Information: Initializing extension GLX
[    56.193] Information: AIGLX: Screen 0 is not DRI2 capable
[    56.567] Information: IGLX: Loaded and initialized swrast
[    56.567] Information: GLX: Initialized DRISWRAST GL provider for screen 0
[    56.567] Information: Initializing extension XFree86-VidModeExtension
[    56.567] Information: Initializing extension XFree86-DGA
[    56.567] Information: Initializing extension XFree86-DRI
[    56.567] Information: Initializing extension DRI2
[    56.567] Information: vmware(0): Setting screen physical size to 211 x 158
[    56.676] Information: config/udev: Adding input device Power Button (/dev/input/event0)
[    56.676] Information: LoadModule: "libinput"
[    56.676] Information: Loading /usr/lib64/xorg/modules/input/libinput_drv.so
[    56.676] Information: Module libinput: vendor="X.Org Foundation"
[    56.676] Information: Using input driver 'libinput' for 'Power Button'
[    56.696] Information: event0  - Power Button: is tagged by udev as: Keyboard
[    56.696] Information: event0  - Power Button: device is a keyboard
[    56.696] Information: event0  - Power Button: device removed
[    56.696] Information: XINPUT: Adding extended input device "Power Button" (type: KEYBOARD, id 6)
[    56.700] Information: event0  - Power Button: is tagged by udev as: Keyboard
[    56.700] Information: event0  - Power Button: device is a keyboard
[    56.700] Information: config/udev: Adding input device Sleep Button (/dev/input/event1)
[    56.700] Information: Using input driver 'libinput' for 'Sleep Button'
[    56.700] Information: event1  - Sleep Button: is tagged by udev as: Keyboard
[    56.700] Information: event1  - Sleep Button: device is a keyboard
[    56.700] Information: event1  - Sleep Button: device removed
[    56.700] Information: XINPUT: Adding extended input device "Sleep Button" (type: KEYBOARD, id 7)
[    56.700] Information: event1  - Sleep Button: is tagged by udev as: Keyboard
[    56.700] Information: event1  - Sleep Button: device is a keyboard
[    56.700] Information: config/udev: Adding input device Video Bus (/dev/input/event4)
[    56.700] Information: Using input driver 'libinput' for 'Video Bus'
[    56.700] Information: event4  - Video Bus: is tagged by udev as: Keyboard
[    56.700] Information: event4  - Video Bus: device is a keyboard
[    56.700] Information: event4  - Video Bus: device removed
[    56.700] Information: XINPUT: Adding extended input device "Video Bus" (type: KEYBOARD, id 8)
[    56.700] Information: event4  - Video Bus: is tagged by udev as: Keyboard
[    56.700] Information: event4  - Video Bus: device is a keyboard
[    56.700] Information: config/udev: Adding input device AT Translated Set 2 keyboard (/dev/input/event2)
[    56.700] Information: Using input driver 'libinput' for 'AT Translated Set 2 keyboard'
[    56.700] Information: event2  - AT Translated Set 2 keyboard: is tagged by udev as: Keyboard
[    56.700] Information: event2  - AT Translated Set 2 keyboard: device is a keyboard
[    56.700] Information: event2  - AT Translated Set 2 keyboard: device removed
[    56.700] Information: XINPUT: Adding extended input device "AT Translated Set 2 keyboard" (type: KEYBOARD, id 9)
[    56.700] Information: event2  - AT Translated Set 2 keyboard: is tagged by udev as: Keyboard
[    56.700] Information: event2  - AT Translated Set 2 keyboard: device is a keyboard
[    56.700] Information: config/udev: Adding input device ImExPS/2 Generic Explorer Mouse (/dev/input/event3)
[    56.700] Information: Using input driver 'libinput' for 'ImExPS/2 Generic Explorer Mouse'
[    56.700] Information: event3  - ImExPS/2 Generic Explorer Mouse: is tagged by udev as: Mouse
[    56.700] Information: event3  - ImExPS/2 Generic Explorer Mouse: device is a pointer
[    56.700] Information: event3  - ImExPS/2 Generic Explorer Mouse: device removed
[    56.700] Information: XINPUT: Adding extended input device "ImExPS/2 Generic Explorer Mouse" (type: MOUSE, id 10)
[    56.700] Information: event3  - ImExPS/2 Generic Explorer Mouse: is tagged by udev as: Mouse
[    56.700] Information: event3  - ImExPS/2 Generic Explorer Mouse: device is a pointer
[    56.700] Information: config/udev: Adding input device ImExPS/2 Generic Explorer Mouse (/dev/input/mouse0)
[    56.700] Information: No input driver specified, ignoring this device.
[    56.700] Information: This device may have been added with another device file.
[    56.700] Information: config/udev: Adding input device PC Speaker (/dev/input/event5)
[    56.700] Information: No input driver specified, ignoring this device.
[    56.700] Information: This device may have been added with another device file.
[  1063.102] Information: config/udev: Adding input device ImExPS/2 Generic Explorer Mouse (/dev/input/mouse0)
[  1063.102] Information: No input driver specified, ignoring this device.
[  1063.102] Information: This device may have been added with another device file.
[  1063.102] Information: config/udev: removing device Video Bus
[  1063.129] Information: event4  - Video Bus: device removed
[  1063.143] Information: UnloadModule: "libinput"
[  1063.143] Information: config/udev: Adding input device Video Bus (/dev/input/event4)
[  1063.143] Information: Using input driver 'libinput' for 'Video Bus'
[  1063.173] Information: event4  - Video Bus: is tagged by udev as: Keyboard
[  1063.173] Information: event4  - Video Bus: device is a keyboard
[  1063.173] Information: event4  - Video Bus: device removed
[  1063.179] Information: XINPUT: Adding extended input device "Video Bus" (type: KEYBOARD, id 8)
[  1063.179] Information: event4  - Video Bus: is tagged by udev as: Keyboard
[  1063.179] Information: event4  - Video Bus: device is a keyboard
[  1063.226] Information: config/udev: removing device Power Button
[  1063.342] Information: event0  - Power Button: device removed
[  1063.342] Information: UnloadModule: "libinput"
[  1063.342] Information: config/udev: Adding input device Power Button (/dev/input/event0)
[  1063.342] Information: Using input driver 'libinput' for 'Power Button'
[  1063.342] Information: event0  - Power Button: is tagged by udev as: Keyboard
[  1063.342] Information: event0  - Power Button: device is a keyboard
[  1063.342] Information: event0  - Power Button: device removed
[  1063.342] Information: XINPUT: Adding extended input device "Power Button" (type: KEYBOARD, id 6)
[  1063.369] Information: event0  - Power Button: is tagged by udev as: Keyboard
[  1063.369] Information: event0  - Power Button: device is a keyboard
[  1063.389] Information: config/udev: removing device Sleep Button
[  1063.389] Information: event1  - Sleep Button: device removed
[  1063.389] Information: UnloadModule: "libinput"
[  1063.389] Information: config/udev: Adding input device Sleep Button (/dev/input/event1)
[  1063.389] Information: Using input driver 'libinput' for 'Sleep Button'
[  1063.417] Information: event1  - Sleep Button: is tagged by udev as: Keyboard
[  1063.417] Information: event1  - Sleep Button: device is a keyboard
[  1063.417] Information: event1  - Sleep Button: device removed
[  1063.417] Information: XINPUT: Adding extended input device "Sleep Button" (type: KEYBOARD, id 7)
[  1063.417] Information: event1  - Sleep Button: is tagged by udev as: Keyboard
[  1063.417] Information: event1  - Sleep Button: device is a keyboard
[  1063.513] Information: config/udev: removing device AT Translated Set 2 keyboard
[  1063.513] Information: event2  - AT Translated Set 2 keyboard: device removed
[  1063.519] Information: UnloadModule: "libinput"
[  1063.519] Information: config/udev: Adding input device AT Translated Set 2 keyboard (/dev/input/event2)
[  1063.519] Information: Using input driver 'libinput' for 'AT Translated Set 2 keyboard'
[  1063.519] Information: event2  - AT Translated Set 2 keyboard: is tagged by udev as: Keyboard
[  1063.519] Information: event2  - AT Translated Set 2 keyboard: device is a keyboard
[  1063.519] Information: event2  - AT Translated Set 2 keyboard: device removed
[  1063.519] Information: XINPUT: Adding extended input device "AT Translated Set 2 keyboard" (type: KEYBOARD, id 9)
[  1063.535] Information: event2  - AT Translated Set 2 keyboard: is tagged by udev as: Keyboard
[  1063.535] Information: event2  - AT Translated Set 2 keyboard: device is a keyboard
[  1063.585] Information: config/udev: removing device ImExPS/2 Generic Explorer Mouse
[  1063.585] Information: event3  - ImExPS/2 Generic Explorer Mouse: device removed
[  1063.585] Information: UnloadModule: "libinput"
[  1063.585] Information: config/udev: Adding input device ImExPS/2 Generic Explorer Mouse (/dev/input/event3)
[  1063.585] Information: Using input driver 'libinput' for 'ImExPS/2 Generic Explorer Mouse'
[  1063.585] Information: event3  - ImExPS/2 Generic Explorer Mouse: is tagged by udev as: Mouse
[  1063.585] Information: event3  - ImExPS/2 Generic Explorer Mouse: device is a pointer
[  1063.585] Information: event3  - ImExPS/2 Generic Explorer Mouse: device removed
[  1063.585] Information: XINPUT: Adding extended input device "ImExPS/2 Generic Explorer Mouse" (type: MOUSE, id 10)
[  1063.611] Information: event3  - ImExPS/2 Generic Explorer Mouse: is tagged by udev as: Mouse
[  1063.611] Information: event3  - ImExPS/2 Generic Explorer Mouse: device is a pointer
[  1063.674] Information: config/udev: Adding input device PC Speaker (/dev/input/event5)
[  1063.674] Information: No input driver specified, ignoring this device.
[  1063.674] Information: This device may have been added with another device file.
[  1119.303] Information: config/udev: removing device Power Button
[  1119.303] Information: event0  - Power Button: device removed
[  1119.303] Information: UnloadModule: "libinput"
[  1119.303] Information: config/udev: Adding input device Power Button (/dev/input/event0)
[  1119.303] Information: Using input driver 'libinput' for 'Power Button'
[  1119.303] Information: event0  - Power Button: is tagged by udev as: Keyboard
[  1119.303] Information: event0  - Power Button: device is a keyboard
[  1119.303] Information: event0  - Power Button: device removed
[  1119.303] Information: XINPUT: Adding extended input device "Power Button" (type: KEYBOARD, id 6)
[  1119.303] Information: event0  - Power Button: is tagged by udev as: Keyboard
[  1119.303] Information: event0  - Power Button: device is a keyboard
[  1119.322] Information: config/udev: removing device Sleep Button
[  1119.322] Information: event1  - Sleep Button: device removed
[  1119.328] Information: UnloadModule: "libinput"
[  1119.328] Information: config/udev: Adding input device Sleep Button (/dev/input/event1)
[  1119.328] Information: Using input driver 'libinput' for 'Sleep Button'
[  1119.328] Information: event1  - Sleep Button: is tagged by udev as: Keyboard
[  1119.328] Information: event1  - Sleep Button: device is a keyboard
[  1119.328] Information: event1  - Sleep Button: device removed
[  1119.328] Information: XINPUT: Adding extended input device "Sleep Button" (type: KEYBOARD, id 7)
[  1119.331] Information: event1  - Sleep Button: is tagged by udev as: Keyboard
[  1119.331] Information: event1  - Sleep Button: device is a keyboard
[  1119.386] Information: config/udev: removing device Video Bus
[  1119.387] Information: event4  - Video Bus: device removed
[  1119.387] Information: UnloadModule: "libinput"
[  1119.387] Information: config/udev: Adding input device Video Bus (/dev/input/event4)
[  1119.387] Information: Using input driver 'libinput' for 'Video Bus'
[  1119.387] Information: event4  - Video Bus: is tagged by udev as: Keyboard
[  1119.387] Information: event4  - Video Bus: device is a keyboard
[  1119.387] Information: event4  - Video Bus: device removed
[  1119.387] Information: XINPUT: Adding extended input device "Video Bus" (type: KEYBOARD, id 8)
[  1119.431] Information: event4  - Video Bus: is tagged by udev as: Keyboard
[  1119.431] Information: event4  - Video Bus: device is a keyboard
[  1119.526] Information: config/udev: Adding input device ImExPS/2 Generic Explorer Mouse (/dev/input/mouse0)
[  1119.526] Information: No input driver specified, ignoring this device.
[  1119.526] Information: This device may have been added with another device file.
[  1119.526] Information: config/udev: Adding input device PC Speaker (/dev/input/event5)
[  1119.526] Information: No input driver specified, ignoring this device.
[  1119.526] Information: This device may have been added with another device file.
[  1119.526] Information: config/udev: removing device AT Translated Set 2 keyboard
[  1119.526] Information: event2  - AT Translated Set 2 keyboard: device removed
[  1119.531] Information: UnloadModule: "libinput"
[  1119.531] Information: config/udev: Adding input device AT Translated Set 2 keyboard (/dev/input/event2)
[  1119.531] Information: Using input driver 'libinput' for 'AT Translated Set 2 keyboard'
[  1119.531] Information: event2  - AT Translated Set 2 keyboard: is tagged by udev as: Keyboard
[  1119.531] Information: event2  - AT Translated Set 2 keyboard: device is a keyboard
[  1119.531] Information: event2  - AT Translated Set 2 keyboard: device removed
[  1119.531] Information: XINPUT: Adding extended input device "AT Translated Set 2 keyboard" (type: KEYBOARD, id 9)
[  1119.556] Information: event2  - AT Translated Set 2 keyboard: is tagged by udev as: Keyboard
[  1119.556] Information: event2  - AT Translated Set 2 keyboard: device is a keyboard
[  1119.590] Information: config/udev: removing device ImExPS/2 Generic Explorer Mouse
[  1119.590] Information: event3  - ImExPS/2 Generic Explorer Mouse: device removed
[  1119.590] Information: UnloadModule: "libinput"
[  1119.590] Information: config/udev: Adding input device ImExPS/2 Generic Explorer Mouse (/dev/input/event3)
[  1119.590] Information: Using input driver 'libinput' for 'ImExPS/2 Generic Explorer Mouse'
[  1119.590] Information: event3  - ImExPS/2 Generic Explorer Mouse: is tagged by udev as: Mouse
[  1119.590] Information: event3  - ImExPS/2 Generic Explorer Mouse: device is a pointer
[  1119.590] Information: event3  - ImExPS/2 Generic Explorer Mouse: device removed
[  1119.590] Information: XINPUT: Adding extended input device "ImExPS/2 Generic Explorer Mouse" (type: MOUSE, id 10)
[  1119.636] Information: event3  - ImExPS/2 Generic Explorer Mouse: is tagged by udev as: Mouse
[  1119.636] Information: event3  - ImExPS/2 Generic Explorer Mouse: device is a pointer
