69
1982:/usr/lib/systemd/systemd
1989:(sd-pam)
2002:/usr/bin/pulseaudio
2007:/usr/bin/gnome-keyring-daem
2014:/usr/libexec/gdm-wayland-se
2017:/usr/bin/dbus-daemon
2022:/usr/libexec/gnome-session-
2069:/usr/bin/gnome-shell
2087:/usr/libexec/gvfsd
2099:/usr/libexec/gvfsd-fuse
2103:/usr/bin/Xwayland
2112:/usr/libexec/at-spi-bus-lau
2117:/usr/bin/dbus-daemon
2122:/usr/libexec/at-spi2-regist
2125:ibus-daemon
2129:/usr/libexec/ibus-dconf
2130:/usr/libexec/xdg-permission
2131:/usr/libexec/ibus-extension
2138:/usr/libexec/gnome-shell-ca
2140:/usr/libexec/ibus-x11
2142:/usr/libexec/ibus-portal
2154:/usr/libexec/evolution-sour
2170:/usr/libexec/gvfs-udisks2-v
2177:/usr/libexec/goa-daemon
2178:/usr/libexec/gvfs-mtp-volum
2182:/usr/libexec/gvfs-gphoto2-v
2186:/usr/libexec/gvfs-goa-volum
2197:/usr/libexec/goa-identity-s
2203:/usr/libexec/gvfs-afc-volum
2213:/usr/libexec/gsd-power
2214:/usr/libexec/gsd-print-noti
2218:/usr/libexec/gsd-rfkill
2221:/usr/libexec/gsd-screensave
2227:/usr/libexec/gsd-sharing
2233:/usr/libexec/gsd-sound
2236:/usr/libexec/gsd-xsettings
2241:/usr/libexec/gsd-wacom
2244:/usr/libexec/evolution-cale
2245:/usr/libexec/gsd-smartcard
2247:/usr/libexec/gsd-account
2266:/usr/libexec/gsd-a11y-setti
2271:/usr/libexec/gsd-clipboard
2274:/usr/libexec/gsd-color
2278:/usr/libexec/gsd-datetime
2280:/usr/libexec/gsd-housekeepi
2285:/usr/libexec/gsd-keyboard
2292:/usr/libexec/gsd-media-keys
2299:/usr/libexec/gsd-mouse
2324:/usr/libexec/evolution-cale
2339:/usr/libexec/gsd-printer
2359:/usr/libexec/ibus-engine-si
2365:/usr/libexec/dconf-service
2367:/usr/libexec/evolution-addr
2387:/usr/libexec/evolution-addr
2421:/usr/libexec/gsd-disk-utili
2429:/usr/bin/gnome-software
2433:/usr/libexec/tracker-store
2454:/usr/libexec/tracker-miner-
2456:/usr/libexec/tracker-miner-
2636:/usr/libexec/gvfsd-trash
3750:/usr/bin/nautilus
4059:/usr/libexec/gvfsd-metadata
5213:/usr/bin/gedit
5226:/usr/libexec/gnome-terminal
5231:bash
5668:sh
5669:sh
5670:ps
5671:grep
